{"level":"info","message":"Initializing WebSocket server (Socket.IO)","timestamp":"2025-04-16T07:18:39.540Z"}
{"level":"info","message":"WebSocket server initialized successfully","timestamp":"2025-04-16T07:18:39.541Z"}
{"level":"info","message":"Connected to MongoDB","timestamp":"2025-04-16T07:18:39.561Z"}
{"level":"info","message":"Server is running on port 5000","timestamp":"2025-04-16T07:18:39.562Z"}
{"level":"info","message":"WebSocket (Socket.IO) server is available and ready","timestamp":"2025-04-16T07:18:39.562Z"}
{"level":"info","message":"Initializing WebSocket server (Socket.IO)","timestamp":"2025-04-16T09:48:42.793Z"}
{"level":"info","message":"WebSocket server initialized successfully","timestamp":"2025-04-16T09:48:42.794Z"}
{"level":"info","message":"Connected to MongoDB","timestamp":"2025-04-16T09:48:42.816Z"}
{"level":"info","message":"Server is running on port 5000","timestamp":"2025-04-16T09:48:42.817Z"}
{"level":"info","message":"WebSocket (Socket.IO) server is available and ready","timestamp":"2025-04-16T09:48:42.817Z"}
{"level":"info","message":"Private poll created with 2 allowed emails","timestamp":"2025-04-16T09:50:55.573Z"}
{"isOperational":true,"level":"error","message":"Error fetching poll: Authentication required to access this private poll","stack":"Error: Authentication required to access this private poll\n    at getPoll (file:///home/matrix/Development/Projects/Hush%20Poll/backend/src/controllers/poll.controller.js:209:13)\n    at process.processTicksAndRejections (node:internal/process/task_queues:105:5)","status":"fail","statusCode":401,"timestamp":"2025-04-16T09:51:03.814Z"}
{"level":"error","message":"Error: Authentication required to access this private poll","stack":"Error: Authentication required to access this private poll\n    at getPoll (file:///home/matrix/Development/Projects/Hush%20Poll/backend/src/controllers/poll.controller.js:209:13)\n    at process.processTicksAndRejections (node:internal/process/task_queues:105:5)","statusCode":401,"timestamp":"2025-04-16T09:51:03.814Z"}
{"isOperational":true,"level":"error","message":"Error fetching poll: Authentication required to access this private poll","stack":"Error: Authentication required to access this private poll\n    at getPoll (file:///home/matrix/Development/Projects/Hush%20Poll/backend/src/controllers/poll.controller.js:209:13)\n    at process.processTicksAndRejections (node:internal/process/task_queues:105:5)","status":"fail","statusCode":401,"timestamp":"2025-04-16T09:51:03.818Z"}
{"level":"error","message":"Error: Authentication required to access this private poll","stack":"Error: Authentication required to access this private poll\n    at getPoll (file:///home/matrix/Development/Projects/Hush%20Poll/backend/src/controllers/poll.controller.js:209:13)\n    at process.processTicksAndRejections (node:internal/process/task_queues:105:5)","statusCode":401,"timestamp":"2025-04-16T09:51:03.819Z"}
{"isOperational":true,"level":"error","message":"Error fetching poll: Authentication required to access this private poll","stack":"Error: Authentication required to access this private poll\n    at getPoll (file:///home/matrix/Development/Projects/Hush%20Poll/backend/src/controllers/poll.controller.js:209:13)\n    at process.processTicksAndRejections (node:internal/process/task_queues:105:5)","status":"fail","statusCode":401,"timestamp":"2025-04-16T09:51:07.028Z"}
{"level":"error","message":"Error: Authentication required to access this private poll","stack":"Error: Authentication required to access this private poll\n    at getPoll (file:///home/matrix/Development/Projects/Hush%20Poll/backend/src/controllers/poll.controller.js:209:13)\n    at process.processTicksAndRejections (node:internal/process/task_queues:105:5)","statusCode":401,"timestamp":"2025-04-16T09:51:07.028Z"}
{"isOperational":true,"level":"error","message":"Error fetching poll: Authentication required to access this private poll","stack":"Error: Authentication required to access this private poll\n    at getPoll (file:///home/matrix/Development/Projects/Hush%20Poll/backend/src/controllers/poll.controller.js:209:13)\n    at process.processTicksAndRejections (node:internal/process/task_queues:105:5)","status":"fail","statusCode":401,"timestamp":"2025-04-16T09:51:58.466Z"}
{"level":"error","message":"Error: Authentication required to access this private poll","stack":"Error: Authentication required to access this private poll\n    at getPoll (file:///home/matrix/Development/Projects/Hush%20Poll/backend/src/controllers/poll.controller.js:209:13)\n    at process.processTicksAndRejections (node:internal/process/task_queues:105:5)","statusCode":401,"timestamp":"2025-04-16T09:51:58.466Z"}
{"isOperational":true,"level":"error","message":"Error fetching poll: Authentication required to access this private poll","stack":"Error: Authentication required to access this private poll\n    at getPoll (file:///home/matrix/Development/Projects/Hush%20Poll/backend/src/controllers/poll.controller.js:209:13)\n    at process.processTicksAndRejections (node:internal/process/task_queues:105:5)","status":"fail","statusCode":401,"timestamp":"2025-04-16T09:51:58.470Z"}
{"level":"error","message":"Error: Authentication required to access this private poll","stack":"Error: Authentication required to access this private poll\n    at getPoll (file:///home/matrix/Development/Projects/Hush%20Poll/backend/src/controllers/poll.controller.js:209:13)\n    at process.processTicksAndRejections (node:internal/process/task_queues:105:5)","statusCode":401,"timestamp":"2025-04-16T09:51:58.470Z"}
{"isOperational":true,"level":"error","message":"Error fetching poll: Authentication required to access this private poll","stack":"Error: Authentication required to access this private poll\n    at getPoll (file:///home/matrix/Development/Projects/Hush%20Poll/backend/src/controllers/poll.controller.js:209:13)\n    at process.processTicksAndRejections (node:internal/process/task_queues:105:5)","status":"fail","statusCode":401,"timestamp":"2025-04-16T09:53:34.810Z"}
{"level":"error","message":"Error: Authentication required to access this private poll","stack":"Error: Authentication required to access this private poll\n    at getPoll (file:///home/matrix/Development/Projects/Hush%20Poll/backend/src/controllers/poll.controller.js:209:13)\n    at process.processTicksAndRejections (node:internal/process/task_queues:105:5)","statusCode":401,"timestamp":"2025-04-16T09:53:34.810Z"}
{"level":"info","message":"Initializing WebSocket server (Socket.IO)","timestamp":"2025-04-16T09:54:43.339Z"}
{"level":"info","message":"WebSocket server initialized successfully","timestamp":"2025-04-16T09:54:43.342Z"}
{"level":"info","message":"Connected to MongoDB","timestamp":"2025-04-16T09:54:43.364Z"}
{"level":"info","message":"Server is running on port 5000","timestamp":"2025-04-16T09:54:43.365Z"}
{"level":"info","message":"WebSocket (Socket.IO) server is available and ready","timestamp":"2025-04-16T09:54:43.365Z"}
{"level":"info","message":"Initializing WebSocket server (Socket.IO)","timestamp":"2025-04-16T09:54:44.278Z"}
{"level":"info","message":"WebSocket server initialized successfully","timestamp":"2025-04-16T09:54:44.281Z"}
{"level":"info","message":"Connected to MongoDB","timestamp":"2025-04-16T09:54:44.305Z"}
{"level":"info","message":"Server is running on port 5000","timestamp":"2025-04-16T09:54:44.306Z"}
{"level":"info","message":"WebSocket (Socket.IO) server is available and ready","timestamp":"2025-04-16T09:54:44.306Z"}
{"level":"info","message":"Initializing WebSocket server (Socket.IO)","timestamp":"2025-04-16T09:54:45.817Z"}
{"level":"info","message":"WebSocket server initialized successfully","timestamp":"2025-04-16T09:54:45.819Z"}
{"level":"info","message":"Connected to MongoDB","timestamp":"2025-04-16T09:54:45.841Z"}
{"level":"info","message":"Server is running on port 5000","timestamp":"2025-04-16T09:54:45.842Z"}
{"level":"info","message":"WebSocket (Socket.IO) server is available and ready","timestamp":"2025-04-16T09:54:45.842Z"}
{"level":"info","message":"Initializing WebSocket server (Socket.IO)","timestamp":"2025-04-16T09:54:46.524Z"}
{"level":"info","message":"WebSocket server initialized successfully","timestamp":"2025-04-16T09:54:46.526Z"}
{"level":"info","message":"Connected to MongoDB","timestamp":"2025-04-16T09:54:46.549Z"}
{"level":"info","message":"Server is running on port 5000","timestamp":"2025-04-16T09:54:46.550Z"}
{"level":"info","message":"WebSocket (Socket.IO) server is available and ready","timestamp":"2025-04-16T09:54:46.550Z"}
{"level":"info","message":"Initializing WebSocket server (Socket.IO)","timestamp":"2025-04-16T09:54:47.803Z"}
{"level":"info","message":"WebSocket server initialized successfully","timestamp":"2025-04-16T09:54:47.805Z"}
{"level":"info","message":"Connected to MongoDB","timestamp":"2025-04-16T09:54:47.828Z"}
{"level":"info","message":"Server is running on port 5000","timestamp":"2025-04-16T09:54:47.829Z"}
{"level":"info","message":"WebSocket (Socket.IO) server is available and ready","timestamp":"2025-04-16T09:54:47.830Z"}
{"level":"info","message":"Initializing WebSocket server (Socket.IO)","timestamp":"2025-04-16T09:54:48.753Z"}
{"level":"info","message":"WebSocket server initialized successfully","timestamp":"2025-04-16T09:54:48.755Z"}
{"level":"info","message":"Connected to MongoDB","timestamp":"2025-04-16T09:54:48.777Z"}
{"level":"info","message":"Server is running on port 5000","timestamp":"2025-04-16T09:54:48.778Z"}
{"level":"info","message":"WebSocket (Socket.IO) server is available and ready","timestamp":"2025-04-16T09:54:48.778Z"}
{"isOperational":true,"level":"error","message":"Error fetching poll: Authentication required to access this private poll","stack":"Error: Authentication required to access this private poll\n    at getPoll (file:///home/matrix/Development/Projects/Hush%20Poll/backend/src/controllers/poll.controller.js:212:13)\n    at process.processTicksAndRejections (node:internal/process/task_queues:105:5)","status":"fail","statusCode":401,"timestamp":"2025-04-16T09:54:50.865Z"}
{"level":"error","message":"Error: Authentication required to access this private poll","stack":"Error: Authentication required to access this private poll\n    at getPoll (file:///home/matrix/Development/Projects/Hush%20Poll/backend/src/controllers/poll.controller.js:212:13)\n    at process.processTicksAndRejections (node:internal/process/task_queues:105:5)","statusCode":401,"timestamp":"2025-04-16T09:54:50.865Z"}
{"isOperational":true,"level":"error","message":"Error fetching poll: Authentication required to access this private poll","stack":"Error: Authentication required to access this private poll\n    at getPoll (file:///home/matrix/Development/Projects/Hush%20Poll/backend/src/controllers/poll.controller.js:212:13)\n    at process.processTicksAndRejections (node:internal/process/task_queues:105:5)","status":"fail","statusCode":401,"timestamp":"2025-04-16T09:55:22.084Z"}
{"level":"error","message":"Error: Authentication required to access this private poll","stack":"Error: Authentication required to access this private poll\n    at getPoll (file:///home/matrix/Development/Projects/Hush%20Poll/backend/src/controllers/poll.controller.js:212:13)\n    at process.processTicksAndRejections (node:internal/process/task_queues:105:5)","statusCode":401,"timestamp":"2025-04-16T09:55:22.085Z"}
{"isOperational":true,"level":"error","message":"Error fetching poll: Authentication required to access this private poll","stack":"Error: Authentication required to access this private poll\n    at getPoll (file:///home/matrix/Development/Projects/Hush%20Poll/backend/src/controllers/poll.controller.js:212:13)\n    at process.processTicksAndRejections (node:internal/process/task_queues:105:5)","status":"fail","statusCode":401,"timestamp":"2025-04-16T09:55:22.089Z"}
{"level":"error","message":"Error: Authentication required to access this private poll","stack":"Error: Authentication required to access this private poll\n    at getPoll (file:///home/matrix/Development/Projects/Hush%20Poll/backend/src/controllers/poll.controller.js:212:13)\n    at process.processTicksAndRejections (node:internal/process/task_queues:105:5)","statusCode":401,"timestamp":"2025-04-16T09:55:22.090Z"}
{"level":"info","message":"Initializing WebSocket server (Socket.IO)","timestamp":"2025-04-16T09:57:21.697Z"}
{"level":"info","message":"WebSocket server initialized successfully","timestamp":"2025-04-16T09:57:21.699Z"}
{"level":"info","message":"Connected to MongoDB","timestamp":"2025-04-16T09:57:21.721Z"}
{"level":"info","message":"Server is running on port 5000","timestamp":"2025-04-16T09:57:21.723Z"}
{"level":"info","message":"WebSocket (Socket.IO) server is available and ready","timestamp":"2025-04-16T09:57:21.723Z"}
{"level":"info","message":"Initializing WebSocket server (Socket.IO)","timestamp":"2025-04-16T09:57:22.861Z"}
{"level":"info","message":"WebSocket server initialized successfully","timestamp":"2025-04-16T09:57:22.863Z"}
{"level":"info","message":"Connected to MongoDB","timestamp":"2025-04-16T09:57:22.884Z"}
{"level":"info","message":"Server is running on port 5000","timestamp":"2025-04-16T09:57:22.885Z"}
{"level":"info","message":"WebSocket (Socket.IO) server is available and ready","timestamp":"2025-04-16T09:57:22.886Z"}
{"level":"info","message":"Initializing WebSocket server (Socket.IO)","timestamp":"2025-04-16T09:57:28.120Z"}
{"level":"info","message":"WebSocket server initialized successfully","timestamp":"2025-04-16T09:57:28.121Z"}
{"level":"info","message":"Connected to MongoDB","timestamp":"2025-04-16T09:57:28.142Z"}
{"level":"info","message":"Server is running on port 5000","timestamp":"2025-04-16T09:57:28.143Z"}
{"level":"info","message":"WebSocket (Socket.IO) server is available and ready","timestamp":"2025-04-16T09:57:28.143Z"}
{"level":"info","message":"Initializing WebSocket server (Socket.IO)","timestamp":"2025-04-16T09:58:58.171Z"}
{"level":"info","message":"WebSocket server initialized successfully","timestamp":"2025-04-16T09:58:58.173Z"}
{"level":"info","message":"Connected to MongoDB","timestamp":"2025-04-16T09:58:58.197Z"}
{"level":"info","message":"Server is running on port 5000","timestamp":"2025-04-16T09:58:58.199Z"}
{"level":"info","message":"WebSocket (Socket.IO) server is available and ready","timestamp":"2025-04-16T09:58:58.199Z"}
{"level":"info","message":"Initializing WebSocket server (Socket.IO)","timestamp":"2025-04-16T09:59:14.258Z"}
{"level":"info","message":"WebSocket server initialized successfully","timestamp":"2025-04-16T09:59:14.260Z"}
{"level":"info","message":"Connected to MongoDB","timestamp":"2025-04-16T09:59:14.283Z"}
{"level":"info","message":"Server is running on port 5000","timestamp":"2025-04-16T09:59:14.284Z"}
{"level":"info","message":"WebSocket (Socket.IO) server is available and ready","timestamp":"2025-04-16T09:59:14.285Z"}
{"level":"info","message":"Initializing WebSocket server (Socket.IO)","timestamp":"2025-04-16T09:59:26.612Z"}
{"level":"info","message":"WebSocket server initialized successfully","timestamp":"2025-04-16T09:59:26.614Z"}
{"level":"info","message":"Connected to MongoDB","timestamp":"2025-04-16T09:59:26.636Z"}
{"level":"info","message":"Server is running on port 5000","timestamp":"2025-04-16T09:59:26.637Z"}
{"level":"info","message":"WebSocket (Socket.IO) server is available and ready","timestamp":"2025-04-16T09:59:26.637Z"}
{"level":"info","message":"Initializing WebSocket server (Socket.IO)","timestamp":"2025-04-16T09:59:27.764Z"}
{"level":"info","message":"WebSocket server initialized successfully","timestamp":"2025-04-16T09:59:27.766Z"}
{"level":"info","message":"Connected to MongoDB","timestamp":"2025-04-16T09:59:27.787Z"}
{"level":"info","message":"Server is running on port 5000","timestamp":"2025-04-16T09:59:27.788Z"}
{"level":"info","message":"WebSocket (Socket.IO) server is available and ready","timestamp":"2025-04-16T09:59:27.789Z"}
{"level":"info","message":"Initializing WebSocket server (Socket.IO)","timestamp":"2025-04-16T10:00:48.466Z"}
{"level":"info","message":"WebSocket server initialized successfully","timestamp":"2025-04-16T10:00:48.468Z"}
{"level":"info","message":"Connected to MongoDB","timestamp":"2025-04-16T10:00:48.490Z"}
{"level":"info","message":"Server is running on port 5000","timestamp":"2025-04-16T10:00:48.491Z"}
{"level":"info","message":"WebSocket (Socket.IO) server is available and ready","timestamp":"2025-04-16T10:00:48.491Z"}
{"level":"debug","message":"User authenticated successfully","timestamp":"2025-04-16T10:00:55.538Z","userId":"67f9fbd042e1bcbdd20ec716"}
{"level":"debug","message":"User authenticated successfully","timestamp":"2025-04-16T10:00:55.579Z","userId":"67f9fbd042e1bcbdd20ec716"}
{"level":"debug","message":"User authenticated successfully","timestamp":"2025-04-16T10:00:58.369Z","userId":"67f9fbd042e1bcbdd20ec716"}
{"level":"debug","message":"User authenticated successfully","timestamp":"2025-04-16T10:00:58.376Z","userId":"67f9fbd042e1bcbdd20ec716"}
{"level":"debug","message":"User authenticated successfully","timestamp":"2025-04-16T10:01:01.269Z","userId":"67f9fbd042e1bcbdd20ec716"}
{"level":"debug","message":"User authenticated successfully","timestamp":"2025-04-16T10:01:03.287Z","userId":"67f9fbd042e1bcbdd20ec716"}
{"level":"debug","message":"User authenticated successfully","timestamp":"2025-04-16T10:01:03.349Z","userId":"67f9fbd042e1bcbdd20ec716"}
{"level":"debug","message":"User authenticated successfully","timestamp":"2025-04-16T10:01:10.332Z","userId":"67f9fbd042e1bcbdd20ec716"}
{"level":"debug","message":"User authenticated successfully","timestamp":"2025-04-16T10:01:12.508Z","userId":"67f9fbd042e1bcbdd20ec716"}
{"level":"debug","message":"User authenticated successfully","timestamp":"2025-04-16T10:01:15.933Z","userId":"67f9fbd042e1bcbdd20ec716"}
{"level":"debug","message":"User authenticated successfully","timestamp":"2025-04-16T10:01:15.945Z","userId":"67f9fbd042e1bcbdd20ec716"}
{"level":"debug","message":"User authenticated successfully","timestamp":"2025-04-16T10:01:22.842Z","userId":"67f9fbd042e1bcbdd20ec716"}
{"level":"debug","message":"User authenticated successfully","timestamp":"2025-04-16T10:01:22.848Z","userId":"67f9fbd042e1bcbdd20ec716"}
{"level":"debug","message":"User authenticated successfully","timestamp":"2025-04-16T10:01:22.857Z","userId":"67f9fbd042e1bcbdd20ec716"}
{"level":"debug","message":"User authenticated successfully","timestamp":"2025-04-16T10:01:22.866Z","userId":"67f9fbd042e1bcbdd20ec716"}
{"level":"debug","message":"User authenticated successfully","timestamp":"2025-04-16T10:01:28.135Z","userId":"67f9fbd042e1bcbdd20ec716"}
{"level":"debug","message":"User authenticated successfully","timestamp":"2025-04-16T10:01:28.144Z","userId":"67f9fbd042e1bcbdd20ec716"}
{"level":"debug","message":"User authenticated successfully","timestamp":"2025-04-16T10:01:28.162Z","userId":"67f9fbd042e1bcbdd20ec716"}
{"level":"debug","message":"User authenticated successfully","timestamp":"2025-04-16T10:01:28.174Z","userId":"67f9fbd042e1bcbdd20ec716"}
{"level":"debug","message":"User authenticated successfully","timestamp":"2025-04-16T10:01:37.331Z","userId":"67f9fbd042e1bcbdd20ec716"}
{"level":"debug","message":"User authenticated successfully","timestamp":"2025-04-16T10:01:37.342Z","userId":"67f9fbd042e1bcbdd20ec716"}
{"level":"debug","message":"User authenticated successfully","timestamp":"2025-04-16T10:01:40.106Z","userId":"67f9fbd042e1bcbdd20ec716"}
{"level":"debug","message":"User authenticated successfully","timestamp":"2025-04-16T10:01:40.112Z","userId":"67f9fbd042e1bcbdd20ec716"}
{"level":"debug","message":"User authenticated successfully","timestamp":"2025-04-16T10:01:46.406Z","userId":"67f9fbd042e1bcbdd20ec716"}
{"level":"debug","message":"User authenticated successfully","timestamp":"2025-04-16T10:01:46.432Z","userId":"67f9fbd042e1bcbdd20ec716"}
